<?xml version="1.0" encoding="UTF-8"?>
<testng-results skipped="0" failed="0" ignored="0" total="1" passed="1">
  <reporter-output>
  </reporter-output>
  <suite name="Default suite" duration-ms="25212" started-at="2019-11-25T01:24:54Z" finished-at="2019-11-25T01:25:19Z">
    <groups>
    </groups>
    <test name="Default test" duration-ms="25212" started-at="2019-11-25T01:24:54Z" finished-at="2019-11-25T01:25:19Z">
      <class name="com.saucedemo.smoke.Login">
        <test-method status="PASS" signature="setUp()[pri:0, instance:com.saucedemo.smoke.Login@4b9e13df]" name="setUp" duration-ms="25057" started-at="2019-11-25T01:24:54Z" finished-at="2019-11-25T01:25:19Z">
          <reporter-output>
          </reporter-output>
        </test-method> <!-- setUp -->
      </class> <!-- com.saucedemo.smoke.Login -->
    </test> <!-- Default test -->
  </suite> <!-- Default suite -->
</testng-results>
